<?xml version="1.0" encoding="UTF-8"?>
<!-- Generated by org.testng.reporters.JUnitReportReporter -->
<testsuite hostname="localhost.localdomain" failures="0" tests="1" name="tests.PutPatchDeleteExamples" time="3.887" errors="0" timestamp="2024-03-08T13:12:52 BRT" skipped="0">
  <testcase classname="tests.PutPatchDeleteExamples" name="testDelete" time="3.887"/>
  <system-out/>
</testsuite> <!-- tests.PutPatchDeleteExamples -->
