<?xml version="1.0" encoding="UTF-8"?>
<!-- Generated by org.testng.reporters.JUnitReportReporter -->
<testsuite hostname="localhost.localdomain" failures="0" tests="1" name="tests.PutPatchDeleteExamples" time="2.744" errors="0" timestamp="2024-03-06T18:48:38 BRT" skipped="0">
  <testcase classname="tests.PutPatchDeleteExamples" name="testPut" time="2.744"/>
  <system-out/>
</testsuite> <!-- tests.PutPatchDeleteExamples -->
