<?xml version="1.0" encoding="UTF-8"?>
<!-- Generated by org.testng.reporters.JUnitReportReporter -->
<testsuite hostname="localhost.localdomain" failures="0" tests="1" name="tests.TestsExamples" time="6.284" errors="0" timestamp="2024-03-02T12:15:58 BRT" skipped="0">
  <testcase classname="tests.TestsExamples" name="test2" time="6.284"/>
  <system-out/>
</testsuite> <!-- tests.TestsExamples -->
