<?xml version="1.0" encoding="UTF-8"?>
<!-- Generated by org.testng.reporters.JUnitReportReporter -->
<testsuite hostname="localhost.localdomain" failures="0" tests="1" name="tests.GetPostExamlples" time="3.128" errors="0" timestamp="2024-03-08T08:29:51 BRT" skipped="0">
  <testcase classname="tests.GetPostExamlples" name="testPost" time="3.128"/>
  <system-out/>
</testsuite> <!-- tests.GetPostExamlples -->
