<?xml version="1.0" encoding="UTF-8"?>
<!-- Generated by org.testng.reporters.JUnitReportReporter -->
<testsuite hostname="localhost.localdomain" failures="0" tests="1" name="tests.PutPatchDeleteExamples" time="3.609" errors="0" timestamp="2024-03-08T12:59:23 BRT" skipped="0">
  <testcase classname="tests.PutPatchDeleteExamples" name="testPatch" time="3.609"/>
  <system-out/>
</testsuite> <!-- tests.PutPatchDeleteExamples -->
